2024-10-23 06:33:06 | INFO    | __main__:stash:131 | run - {'image': '20231121', 'version': '0.10.1.post2', 'role': 'EpicPlayer', 'headless': True}
2024-10-23 06:33:15 | INFO    | __main__:claim_epic_games:97 | Try to flush cookie - {'task': 'claim_epic_games'}
2024-10-23 06:33:18 | INFO    | epic_games.agent:_login:237 | login-with-email - {'url': 'https://www.epicgames.com/id/login?lang=en-US&noHostRedirect=true&redirectUrl=https://store.epicgames.com/en-US/free-games&__cf_chl_rt_tk=fphXXvmYSu1vepOnioo1I8REb0D5eVwCS7mnZteYm.I-1729636397-1.0.1.1-eLDR1konBiPqedEuqZIbMSunwU2kQDvXhuURdJIrXAs'}
2024-10-23 06:33:48 | WARNING    | epic_games.agent:authorize:266 | 执行超时 - {'task': 'authorize', 'retry': 0}
2024-10-23 06:33:51 | INFO    | epic_games.agent:_login:237 | login-with-email - {'url': 'https://www.epicgames.com/id/login?lang=en-US&noHostRedirect=true&redirectUrl=https://store.epicgames.com/en-US/free-games&__cf_chl_rt_tk=mCvVlZQ0YRmckV4_uiRE3ax.g6FFqkQ11x_j3nD7zzM-1729636431-1.0.1.1-xo3PhIIFZxjUYq_DG14M6xyStq8TGRo12YI6hKVM20A'}
2024-10-23 06:34:21 | WARNING    | epic_games.agent:authorize:266 | 执行超时 - {'task': 'authorize', 'retry': 1}
2024-10-23 06:34:23 | INFO    | epic_games.agent:_login:237 | login-with-email - {'url': 'https://www.epicgames.com/id/login?lang=en-US&noHostRedirect=true&redirectUrl=https://store.epicgames.com/en-US/free-games&__cf_chl_rt_tk=kcVG8as86aLI2P0QfEwC6X32z2HOZeDXqmYULMftEdQ-1729636463-1.0.1.1-5zRSx4HnqR3PsQLmuk2lq5_ZvBg9_vG9kLh2ynv0mkw'}
2024-10-23 06:34:53 | WARNING    | epic_games.agent:authorize:266 | 执行超时 - {'task': 'authorize', 'retry': 2}
2024-10-23 06:34:53 | ERROR    | __main__:run:158 | An error has been caught in function 'run', process 'MainProcess' (3616), thread 'MainThread' (140089598770048): - {}
Traceback (most recent call last):
  File "/home/runner/work/MyEpic/MyEpic/epic/src/claim.py", line 162, in <module>
    asyncio.run(run())
  File "/opt/hostedtoolcache/Python/3.10.15/x64/lib/python3.10/asyncio/runners.py", line 44, in run
    return loop.run_until_complete(main)
  File "/opt/hostedtoolcache/Python/3.10.15/x64/lib/python3.10/asyncio/base_events.py", line 636, in run_until_complete
    self.run_forever()
  File "/opt/hostedtoolcache/Python/3.10.15/x64/lib/python3.10/asyncio/base_events.py", line 603, in run_forever
    self._run_once()
  File "/opt/hostedtoolcache/Python/3.10.15/x64/lib/python3.10/asyncio/base_events.py", line 1909, in _run_once
    handle._run()
  File "/opt/hostedtoolcache/Python/3.10.15/x64/lib/python3.10/asyncio/events.py", line 80, in _run
    self._context.run(self._callback, *self._args)
> File "/home/runner/work/MyEpic/MyEpic/epic/src/claim.py", line 158, in run
    await agent.stash()
  File "/home/runner/work/MyEpic/MyEpic/epic/src/claim.py", line 151, in stash
    await self.claim_epic_games(context)
  File "/home/runner/work/MyEpic/MyEpic/epic/src/claim.py", line 98, in claim_epic_games
    if await epic.authorize(page):
  File "/home/runner/work/MyEpic/MyEpic/epic/src/epic_games/agent.py", line 269, in authorize
    raise RuntimeError(f"Failed to flush token - agent={self.__class__.__name__}")
RuntimeError: Failed to flush token - agent=EpicGames
